<?xml version="1.0" encoding="UTF-8" ?>
<testsuite tests="2" failures="0" name="de.innovas.km.testsystem.innolectus.irrs.client.boundary.LegacyExposingResourceIT" time="0.392" errors="0" skipped="0">
  <properties>
[...]
</properties>
  <testcase classname="de.innovas.km.testsystem.innolectus.irrs.client.boundary.LegacyExposingResourceIT" name="downnload" time="0.175"/>
  <testcase classname="de.innovas.km.testsystem.innolectus.irrs.client.boundary.LegacyExposingResourceIT" name="lastModified" time="0.217"/>
</testsuite>